yarn add v1.22.4
warning package-lock.json found. Your project contains lock files generated by tools other than Yarn. It is advised not to mix package managers in order to avoid resolution inconsistencies caused by unsynchronized lock files. To clear this warning, remove package-lock.json.
[1/4] Resolving packages...
[2/4] Fetching packages...
info @next/swc-linux-x64-musl@13.4.3: The platform "darwin" is incompatible with this module.
info "@next/swc-linux-x64-musl@13.4.3" is an optional dependency and failed compatibility check. Excluding it from installation.
info @next/swc-linux-arm64-musl@13.4.3: The platform "darwin" is incompatible with this module.
info "@next/swc-linux-arm64-musl@13.4.3" is an optional dependency and failed compatibility check. Excluding it from installation.
info @next/swc-linux-arm64-musl@13.4.3: The CPU architecture "x64" is incompatible with this module.
info @next/swc-linux-x64-gnu@13.4.3: The platform "darwin" is incompatible with this module.
info "@next/swc-linux-x64-gnu@13.4.3" is an optional dependency and failed compatibility check. Excluding it from installation.
info @next/swc-win32-arm64-msvc@13.4.3: The platform "darwin" is incompatible with this module.
info "@next/swc-win32-arm64-msvc@13.4.3" is an optional dependency and failed compatibility check. Excluding it from installation.
info @next/swc-win32-arm64-msvc@13.4.3: The CPU architecture "x64" is incompatible with this module.
info @next/swc-darwin-arm64@13.4.3: The CPU architecture "x64" is incompatible with this module.
info "@next/swc-darwin-arm64@13.4.3" is an optional dependency and failed compatibility check. Excluding it from installation.
info @next/swc-win32-ia32-msvc@13.4.3: The platform "darwin" is incompatible with this module.
info "@next/swc-win32-ia32-msvc@13.4.3" is an optional dependency and failed compatibility check. Excluding it from installation.
info @next/swc-win32-ia32-msvc@13.4.3: The CPU architecture "x64" is incompatible with this module.
info @next/swc-linux-arm64-gnu@13.4.3: The platform "darwin" is incompatible with this module.
info "@next/swc-linux-arm64-gnu@13.4.3" is an optional dependency and failed compatibility check. Excluding it from installation.
info @next/swc-linux-arm64-gnu@13.4.3: The CPU architecture "x64" is incompatible with this module.
info @next/swc-win32-x64-msvc@13.4.3: The platform "darwin" is incompatible with this module.
info "@next/swc-win32-x64-msvc@13.4.3" is an optional dependency and failed compatibility check. Excluding it from installation.
error execa@7.1.1: The engine "node" is incompatible with this module. Expected version "^14.18.0 || ^16.14.0 || >=18.0.0". Got "16.13.1"
error Found incompatible module.
info Visit https://yarnpkg.com/en/docs/cli/add for documentation about this command.
